SF:src/base/bk-base/bk-base.ts
DA:1,33
DA:2,9
DA:3,9
DA:19,18
DA:20,17
DA:21,12
DA:22,12
DA:23,12
DA:31,15
DA:42,17
DA:49,17
DA:56,9
DA:57,7
DA:68,16
DA:69,16
DA:70,3
DA:71,3
DA:72,3
DA:75,16
DA:76,15
DA:77,15
DA:79,16
DA:82,17
DA:90,17
DA:92,17
DA:95,26
DA:106,5
DA:107,5
DA:109,5
DA:110,3
DA:113,5
DA:120,23
DA:122,23
DA:123,8
DA:125,15
DA:128,23
DA:129,2
DA:131,21
DA:136,19
DA:138,19
DA:139,5
DA:140,5
DA:143,19
DA:147,19
DA:148,19
DA:149,19
DA:150,19
DA:4,2
DA:5,2
DA:6,2
DA:7,2
DA:8,2
DA:9,2
DA:10,2
DA:11,7
DA:12,7
DA:13,7
DA:14,7
DA:15,7
DA:16,7
DA:17,7
DA:18,7
DA:24,7
DA:25,7
DA:26,7
DA:27,2
DA:28,7
DA:29,7
DA:30,7
DA:32,7
DA:33,2
DA:34,2
DA:35,2
DA:36,2
DA:37,2
DA:38,2
DA:39,2
DA:40,2
DA:41,2
DA:43,2
DA:44,2
DA:45,2
DA:46,2
DA:47,2
DA:48,2
DA:50,2
DA:51,2
DA:52,2
DA:53,2
DA:54,2
DA:55,2
DA:58,2
DA:59,2
DA:60,2
DA:61,2
DA:62,2
DA:63,2
DA:64,2
DA:65,2
DA:66,2
DA:67,2
DA:73,2
DA:74,7
DA:78,7
DA:80,7
DA:81,2
DA:83,2
DA:84,2
DA:85,2
DA:86,2
DA:87,2
DA:88,2
DA:89,2
DA:91,2
DA:93,2
DA:94,2
DA:96,4
DA:97,2
DA:98,2
DA:99,2
DA:100,2
DA:101,2
DA:102,2
DA:103,2
DA:104,2
DA:105,2
DA:108,0
DA:111,0
DA:112,0
DA:114,0
DA:115,2
DA:116,2
DA:117,8
DA:118,8
DA:119,8
DA:121,8
DA:124,8
DA:126,5
DA:127,8
DA:130,8
DA:132,8
DA:133,8
DA:134,2
DA:135,2
DA:137,4
DA:141,0
DA:142,4
DA:144,4
DA:145,2
DA:146,2
DA:151,4
DA:152,2
BRDA:19,0,0,10
BRDA:122,1,0,5
BRDA:122,1,1,10
BRDA:123,2,0,1
BRDA:123,2,1,4
BRDA:128,3,0,2
BRDA:128,3,1,13
BRDA:129,4,0,1
BRDA:129,4,1,1
BRDA:75,5,0,8
BRDA:109,6,0,3
BRDA:138,7,0,5
BRDA:11,0,0,7
BRDA:20,1,0,3
BRDA:28,2,0,7
BRDA:116,3,0,8
BRDA:122,4,0,3
BRDA:123,5,0,0
BRDA:124,6,0,5
BRDA:128,7,0,0
BRDA:67,8,0,7
BRDA:69,9,0,2
BRDA:94,10,0,4
BRDA:135,11,0,4
BRDA:138,12,0,0
BRDA:146,13,0,4
end_of_record
SF:src/base/bk-base/index.ts
DA:1,2
end_of_record
SF:src/base/bk-component/bk-component.ts
DA:1,11
DA:5,4
DA:6,4
DA:13,4
DA:14,4
DA:22,4
DA:32,5
DA:35,4
DA:36,2
DA:37,2
DA:41,6
DA:54,10
DA:55,10
DA:56,10
DA:58,10
DA:61,5
DA:64,6
DA:65,6
DA:69,12
DA:70,12
DA:74,7
DA:75,1
DA:76,1
DA:79,7
DA:83,7
DA:84,7
DA:85,7
DA:2,2
DA:3,2
DA:4,2
DA:7,2
DA:8,2
DA:9,2
DA:10,2
DA:11,2
DA:12,2
DA:15,2
DA:16,2
DA:17,2
DA:18,2
DA:19,2
DA:20,2
DA:21,2
DA:23,2
DA:24,2
DA:25,2
DA:26,2
DA:27,2
DA:28,2
DA:29,2
DA:30,2
DA:31,2
DA:33,2
DA:34,2
DA:38,2
DA:39,2
DA:40,2
DA:42,3
DA:43,2
DA:44,2
DA:45,2
DA:46,2
DA:47,2
DA:48,2
DA:49,7
DA:50,7
DA:51,7
DA:52,7
DA:53,7
DA:57,7
DA:59,7
DA:60,2
DA:62,2
DA:63,2
DA:66,3
DA:67,2
DA:68,2
DA:71,8
DA:72,2
DA:73,2
DA:77,0
DA:78,3
DA:80,3
DA:81,2
DA:82,2
DA:86,3
DA:87,2
BRDA:56,0,0,3
BRDA:56,0,1,3
BRDA:74,1,0,1
BRDA:48,0,0,7
BRDA:40,1,0,3
BRDA:63,2,0,3
BRDA:68,3,0,8
BRDA:73,4,0,3
BRDA:74,5,0,0
BRDA:82,6,0,3
end_of_record
SF:src/base/bk-component/index.ts
DA:1,2
end_of_record
SF:src/base/bk-http-base/bk-http-base.ts
DA:1,10
DA:3,2
DA:7,2
DA:8,2
DA:16,5
DA:21,5
DA:28,2
DA:29,2
DA:33,1
DA:34,1
DA:41,2
DA:42,3
DA:46,1
DA:47,1
end_of_record
SF:src/base/bk-http-component/bk-http-component.ts
DA:1,4
DA:5,1
DA:6,1
DA:13,1
DA:17,1
DA:22,1
DA:32,2
DA:35,1
DA:36,0
DA:37,0
DA:41,2
DA:54,2
DA:55,2
DA:56,2
DA:58,2
DA:61,2
DA:64,2
DA:65,2
DA:69,2
DA:70,2
DA:74,3
DA:75,1
DA:76,1
DA:79,3
DA:83,3
DA:84,3
DA:85,3
BRDA:56,0,0,2
BRDA:56,0,1,2
BRDA:74,1,0,1
end_of_record
SF:src/base/styled-components.ts
DA:1,21
DA:7,5
DA:16,12
DA:17,12
DA:19,1
DA:20,1
DA:24,12
DA:28,8
DA:32,3
DA:2,2
DA:3,2
DA:4,2
DA:5,2
DA:6,2
DA:8,2
DA:9,2
DA:10,2
DA:11,2
DA:12,2
DA:13,2
DA:14,2
DA:15,7
DA:18,7
DA:21,7
DA:22,7
DA:23,7
DA:25,7
DA:26,2
DA:27,2
DA:29,3
DA:30,3
DA:31,3
DA:33,3
DA:34,3
BRDA:15,0,0,0
BRDA:19,1,0,0
BRDA:19,1,1,0
BRDA:28,2,0,0
BRDA:29,3,0,5
BRDA:29,3,1,0
BRDA:14,0,0,8
BRDA:27,1,0,3
BRDA:18,2,0,8
end_of_record
SF:src/docgen/start.ts
DA:1,6
DA:3,1
DA:4,1
DA:6,1
DA:7,1
DA:9,1
DA:10,1
DA:27,3
DA:28,3
DA:32,3
DA:35,15
DA:36,10
DA:37,5
DA:38,5
DA:40,0
DA:43,15
DA:47,3
DA:48,3
DA:50,3
DA:55,3
DA:57,1
DA:58,1
DA:61,3
DA:63,3
DA:64,3
DA:66,1
DA:67,1
DA:69,1
DA:70,1
DA:73,1
BRDA:26,0,0,0
BRDA:35,1,0,10
BRDA:35,1,1,5
BRDA:35,2,0,15
BRDA:35,2,1,13
BRDA:37,3,0,5
BRDA:37,3,1,0
BRDA:52,4,0,0
BRDA:52,4,1,3
BRDA:55,5,0,1
BRDA:63,6,0,3
BRDA:63,7,0,3
BRDA:63,7,1,3
BRDA:64,8,0,1
BRDA:64,8,1,1
BRDA:64,8,2,1
end_of_record
SF:src/docgen/utils.ts
DA:1,15
DA:3,1
DA:5,1
DA:6,5
DA:8,5
DA:9,3
DA:15,5
DA:18,1
DA:19,3
DA:21,3
DA:22,1
DA:26,1
DA:27,2
DA:28,2
DA:29,1
DA:32,2
DA:40,1
DA:42,1
DA:43,3
DA:44,3
DA:45,2
DA:46,2
DA:47,2
DA:51,3
DA:59,1
DA:60,2
DA:61,1
DA:63,3
BRDA:8,0,0,3
BRDA:21,1,0,1
BRDA:28,2,0,1
BRDA:44,3,0,2
BRDA:46,4,0,2
BRDA:46,5,0,2
BRDA:46,5,1,2
BRDA:60,6,0,1
end_of_record
SF:src/engine/engine.ts
DA:1,24
DA:2,6
DA:3,6
DA:15,5
DA:17,5
DA:18,5
DA:19,3
DA:22,5
DA:32,13
DA:34,13
DA:35,13
DA:36,7
DA:39,13
DA:40,13
DA:41,11
DA:46,13
DA:4,2
DA:5,2
DA:6,2
DA:7,2
DA:8,2
DA:9,2
DA:10,2
DA:11,2
DA:12,2
DA:13,3
DA:14,3
DA:16,3
DA:20,2
DA:21,3
DA:23,3
DA:24,2
DA:25,2
DA:26,8
DA:27,8
DA:28,8
DA:29,8
DA:30,8
DA:31,8
DA:33,8
DA:37,5
DA:38,8
DA:42,8
DA:43,8
DA:44,8
DA:45,8
DA:47,8
BRDA:18,0,0,1
BRDA:27,1,0,4
BRDA:35,2,0,2
BRDA:39,3,0,1
BRDA:39,3,1,4
BRDA:40,4,0,3
BRDA:40,5,0,5
BRDA:40,5,1,4
BRDA:12,0,0,3
BRDA:18,1,0,2
BRDA:25,2,0,8
BRDA:35,3,0,5
end_of_record
SF:src/engine/index.ts
DA:1,2
end_of_record
SF:src/events/factory.ts
DA:1,12
DA:3,2
DA:56,2
DA:63,6
DA:64,6
DA:66,6
DA:67,0
DA:72,6
DA:73,6
DA:74,4
DA:75,4
DA:76,1
DA:79,4
DA:81,6
DA:83,6
BRDA:59,0,0,2
BRDA:62,1,0,5
BRDA:62,2,0,4
BRDA:64,3,0,2
BRDA:64,3,1,4
BRDA:75,4,0,1
end_of_record
SF:src/events/Register.ts
DA:1,10
DA:7,4
DA:11,10
DA:12,10
DA:13,13
DA:14,2
DA:15,2
DA:19,10
DA:23,7
DA:24,7
DA:27,7
DA:31,1
DA:35,1
DA:39,1
DA:40,1
DA:41,1
DA:43,1
BRDA:13,0,0,2
BRDA:13,1,0,2
BRDA:13,1,1,11
BRDA:23,2,0,7
end_of_record
SF:src/utils/custom-components.ts
DA:1,14
DA:3,3
DA:4,2
DA:6,3
DA:28,3
DA:30,3
DA:33,2
DA:34,2
DA:38,3
DA:40,3
BRDA:24,0,0,1
BRDA:25,1,0,2
BRDA:26,2,0,3
end_of_record
SF:src/utils/href.ts
DA:1,37
DA:2,3
DA:18,3
DA:19,17
DA:24,30
DA:25,30
DA:27,5
DA:30,30
DA:36,3
DA:37,17
DA:39,17
DA:40,26
DA:41,26
DA:43,16
DA:44,16
DA:48,3
DA:51,17
DA:52,17
DA:54,17
DA:56,9
DA:58,17
DA:63,3
DA:64,10
DA:65,5
DA:66,3
DA:67,3
DA:69,3
DA:71,2
DA:76,3
DA:79,6
DA:81,6
DA:83,6
DA:93,6
BRDA:25,0,0,5
BRDA:25,0,1,25
BRDA:40,1,0,26
BRDA:40,1,1,26
BRDA:41,2,0,10
BRDA:49,3,0,7
BRDA:49,4,0,7
BRDA:49,5,0,11
BRDA:64,6,0,5
BRDA:65,7,0,3
BRDA:65,7,1,2
BRDA:71,8,0,1
BRDA:71,8,1,1
BRDA:76,9,0,5
BRDA:78,10,0,2
BRDA:81,11,0,5
BRDA:81,11,1,1
BRDA:93,12,0,3
BRDA:93,12,1,3
end_of_record
SF:src/utils/http-client.ts
DA:1,59
DA:49,3
DA:51,3
DA:52,18
DA:54,18
DA:55,18
DA:56,18
DA:57,11
DA:60,7
DA:61,4
DA:65,3
DA:69,47
DA:70,47
DA:71,47
DA:74,6
DA:75,6
DA:76,6
DA:79,47
DA:83,36
DA:84,36
DA:90,37
DA:91,35
DA:94,23
DA:95,1
DA:97,22
DA:99,23
DA:105,23
DA:106,22
DA:108,23
DA:112,3
DA:114,15
DA:115,15
DA:123,19
DA:124,19
DA:127,19
DA:129,19
DA:135,19
DA:136,1
DA:139,18
DA:140,2
DA:141,2
DA:143,2
DA:150,2
DA:151,2
DA:155,16
DA:157,5
DA:161,3
DA:162,159
DA:168,14
DA:169,14
DA:172,14
DA:174,14
DA:175,14
DA:182,14
DA:183,1
DA:186,13
DA:187,2
DA:188,2
DA:190,2
DA:197,2
DA:198,2
DA:202,11
DA:204,5
DA:214,11
DA:215,11
DA:218,11
DA:220,11
DA:229,11
DA:230,1
DA:233,10
DA:235,4
DA:244,3
DA:245,3
DA:248,3
DA:250,3
DA:251,3
DA:253,3
DA:260,3
DA:262,1
DA:267,53
BRDA:55,0,0,18
BRDA:56,1,0,11
BRDA:60,2,0,4
BRDA:68,3,0,46
BRDA:68,4,0,24
BRDA:71,5,0,6
BRDA:85,6,0,5
BRDA:85,6,1,31
BRDA:85,7,0,4
BRDA:85,7,1,32
BRDA:91,8,0,23
BRDA:91,8,1,12
BRDA:94,9,0,1
BRDA:94,9,1,22
BRDA:97,10,0,4
BRDA:97,10,1,18
BRDA:97,11,0,18
BRDA:97,11,1,4
BRDA:105,12,0,22
BRDA:124,13,0,18
BRDA:135,14,0,1
BRDA:139,15,0,2
BRDA:141,16,0,1
BRDA:141,16,1,1
BRDA:141,17,0,1
BRDA:141,17,1,1
BRDA:169,18,0,14
BRDA:174,19,0,1
BRDA:174,19,1,13
BRDA:174,20,0,13
BRDA:174,20,1,1
BRDA:182,21,0,1
BRDA:186,22,0,2
BRDA:186,23,0,13
BRDA:186,23,1,13
BRDA:188,24,0,1
BRDA:188,24,1,1
BRDA:188,25,0,1
BRDA:188,25,1,1
BRDA:215,26,0,11
BRDA:225,27,0,1
BRDA:225,27,1,10
BRDA:225,28,0,1
BRDA:225,28,1,10
BRDA:229,29,0,1
BRDA:245,30,0,3
BRDA:247,31,0,1
BRDA:260,32,0,2
BRDA:260,32,1,1
end_of_record
SF:src/utils/i18n.ts
DA:1,30
DA:3,3
DA:9,11
DA:10,4
DA:13,7
DA:14,4
DA:17,3
DA:18,3
DA:19,1
DA:22,2
DA:26,3
DA:30,3
DA:31,2
DA:34,1
BRDA:7,0,0,5
BRDA:7,1,0,5
BRDA:7,1,1,1
BRDA:9,2,0,4
BRDA:13,3,0,4
BRDA:18,4,0,1
BRDA:30,5,0,2
end_of_record
SF:src/utils/properties-manipulation.ts
DA:1,32
DA:16,23
DA:17,2
DA:20,21
DA:21,4
DA:23,17
DA:25,10
DA:26,8
DA:29,6
DA:31,1
DA:51,8
DA:52,8
DA:53,2
DA:56,8
DA:57,1
DA:60,7
DA:62,3
DA:65,2
DA:67,3
DA:68,4
DA:72,3
DA:73,3
DA:74,3
DA:80,3
DA:82,2
BRDA:16,0,0,2
BRDA:16,1,0,23
BRDA:16,1,1,22
BRDA:20,2,0,4
BRDA:20,2,1,17
BRDA:23,3,0,10
BRDA:23,3,1,6
BRDA:23,3,2,1
BRDA:52,4,0,2
BRDA:56,5,0,1
BRDA:60,6,0,2
BRDA:60,6,1,3
BRDA:60,6,2,2
BRDA:68,7,0,3
BRDA:73,8,0,3
BRDA:73,9,0,3
BRDA:73,9,1,3
end_of_record
SF:src/utils/url.ts
DA:1,34
DA:9,3
DA:10,21
DA:11,21
DA:13,7
DA:15,7
DA:22,17
DA:23,17
DA:25,17
DA:28,21
DA:29,21
DA:34,2
DA:35,2
DA:36,2
DA:37,2
DA:39,2
DA:43,2
DA:44,2
DA:46,2
BRDA:13,0,0,6
BRDA:13,0,1,1
BRDA:18,1,0,8
BRDA:21,2,0,8
BRDA:37,3,0,1
BRDA:37,3,1,1
end_of_record
SF:src/west/asyncEvents.ts
DA:1,1
DA:14,1
DA:46,1
DA:47,1
DA:50,8
DA:60,10
DA:61,10
DA:62,10
DA:63,10
DA:64,1
DA:65,9
DA:66,5
DA:67,4
DA:69,4
DA:72,1
DA:75,10
DA:76,5
DA:77,5
DA:78,4
DA:80,1
DA:83,5
DA:90,1
DA:91,10
DA:92,9
DA:94,1
DA:95,3
DA:96,3
DA:97,6
DA:99,3
DA:100,2
DA:102,1
DA:103,1
DA:104,1
DA:107,3
DA:108,0
DA:110,3
DA:111,3
DA:112,3
DA:115,3
DA:120,12
DA:137,10
DA:139,10
DA:140,10
DA:146,2
DA:151,10
DA:155,10
DA:157,8
DA:174,1
DA:180,10
DA:181,10
DA:183,10
DA:185,10
DA:188,1
DA:189,6
DA:190,6
BRDA:50,0,0,4
BRDA:50,0,1,4
BRDA:63,1,0,1
BRDA:63,1,1,9
BRDA:63,2,0,10
BRDA:63,2,1,9
BRDA:65,3,0,5
BRDA:65,3,1,4
BRDA:75,4,0,5
BRDA:75,4,1,5
BRDA:91,5,0,9
BRDA:91,5,1,1
BRDA:95,6,0,2
BRDA:95,6,1,1
BRDA:95,7,0,3
BRDA:95,7,1,3
BRDA:99,8,0,2
BRDA:99,8,1,1
BRDA:107,9,0,0
BRDA:107,9,1,3
BRDA:135,10,0,9
BRDA:136,11,0,10
BRDA:142,12,0,9
BRDA:142,12,1,1
BRDA:143,13,0,1
BRDA:143,13,1,9
BRDA:143,14,0,10
BRDA:143,14,1,10
BRDA:144,15,0,1
BRDA:144,15,1,9
BRDA:144,16,0,10
BRDA:144,16,1,10
BRDA:145,17,0,1
BRDA:145,17,1,9
BRDA:145,18,0,10
BRDA:145,18,1,10
BRDA:177,19,0,8
BRDA:178,20,0,10
end_of_record
SF:src/west/index.ts
DA:1,1
DA:2,1
DA:6,1
DA:7,1
DA:11,1
end_of_record
SF:src/west/options.ts
DA:1,1
DA:10,1
DA:16,0
DA:17,0
DA:18,0
DA:19,0
DA:20,0
DA:21,0
DA:22,0
DA:24,0
DA:28,0
DA:30,0
DA:36,0
DA:38,0
DA:135,1
DA:136,8
DA:137,19
DA:139,8
DA:140,4
DA:142,8
DA:143,2
DA:145,8
DA:147,0
DA:149,8
DA:151,8
DA:154,1
DA:155,1
DA:158,1
BRDA:19,0,0,0
BRDA:19,0,1,0
BRDA:21,1,0,0
BRDA:21,1,1,0
BRDA:135,2,0,0
BRDA:137,3,0,6
BRDA:137,3,1,13
BRDA:137,4,0,19
BRDA:137,4,1,19
BRDA:147,5,0,0
BRDA:147,5,1,0
BRDA:147,6,0,0
BRDA:147,6,1,0
end_of_record
SF:src/west/sandbox.ts
DA:1,1
DA:18,1
DA:21,17
DA:24,17
DA:25,17
DA:27,6
DA:28,11
DA:29,11
DA:30,10
DA:31,5
DA:33,5
DA:36,1
DA:39,5
DA:45,15
DA:47,4
DA:48,7
DA:49,7
DA:50,7
DA:51,6
DA:53,3
DA:56,3
DA:59,1
DA:62,3
DA:68,13
DA:69,2
DA:70,3
DA:71,3
DA:73,1
DA:77,12
BRDA:30,0,0,5
BRDA:30,0,1,5
BRDA:51,1,0,3
BRDA:51,1,1,3
end_of_record
SF:src/west/testWrapper.ts
DA:1,1
DA:9,1
DA:12,1
DA:22,1
DA:25,1
DA:87,1
DA:95,9
DA:96,2
DA:99,7
DA:100,7
DA:101,7
DA:102,7
DA:103,3
DA:104,4
DA:105,2
DA:108,7
DA:110,33
DA:118,4
DA:119,4
DA:121,4
DA:122,2
DA:125,2
DA:128,2
DA:132,2
DA:135,4
DA:139,1
DA:147,30
DA:148,11
DA:149,9
DA:150,9
DA:154,11
DA:155,11
DA:158,11
DA:161,11
DA:163,2
DA:164,2
DA:165,2
DA:169,11
DA:173,1
DA:183,4
DA:184,4
DA:186,4
DA:188,4
DA:189,4
DA:190,3
DA:192,4
DA:196,11
DA:198,11
DA:203,1
DA:205,1
DA:210,1
DA:216,3
DA:218,11
DA:219,11
DA:220,11
DA:221,11
DA:223,11
DA:224,9
BRDA:95,0,0,2
BRDA:95,0,1,7
BRDA:102,1,0,3
BRDA:102,1,1,4
BRDA:102,2,0,7
BRDA:102,2,1,5
BRDA:104,3,0,2
BRDA:104,3,1,2
BRDA:104,4,0,4
BRDA:104,4,1,2
BRDA:121,5,0,2
BRDA:121,5,1,2
BRDA:140,6,0,6
BRDA:141,7,0,30
BRDA:142,8,0,30
BRDA:143,9,0,28
BRDA:144,10,0,28
BRDA:148,11,0,9
BRDA:148,11,1,2
BRDA:186,12,0,2
BRDA:186,12,1,2
BRDA:189,13,0,3
BRDA:189,13,1,1
BRDA:189,14,0,4
BRDA:189,14,1,3
BRDA:189,15,0,1
BRDA:189,15,1,2
BRDA:189,16,0,3
BRDA:189,16,1,3
BRDA:190,17,0,1
BRDA:190,17,1,2
BRDA:190,18,0,3
BRDA:190,18,1,3
BRDA:223,19,0,9
BRDA:223,19,1,2
end_of_record
